2018-03-09 03:42:04,126:INFO: Creating the dataset...
2018-03-09 03:42:04,157:INFO: - done.
2018-03-09 03:42:08,209:INFO: Starting evaluation
2018-03-09 03:42:18,446:INFO: - Eval metrics : accuracy: 0.131 ; loss: 74.992
2018-03-09 03:44:47,941:INFO: Creating the dataset...
2018-03-09 03:44:47,954:INFO: - done.
2018-03-09 03:44:50,498:INFO: Starting evaluation
2018-03-09 03:44:57,720:INFO: - Eval metrics : accuracy: 0.625 ; loss: 1.092
2018-03-09 05:02:41,040:INFO: Creating the dataset...
2018-03-09 05:02:41,072:INFO: - done.
2018-03-09 05:02:45,200:INFO: Starting evaluation
2018-03-09 05:02:55,715:INFO: - Eval metrics : accuracy: 0.625 ; loss: 1.092
2018-03-09 05:15:11,247:INFO: Creating the dataset...
2018-03-09 05:15:11,261:INFO: - done.
2018-03-09 05:15:11,421:INFO: Starting evaluation
2018-03-09 05:16:36,357:INFO: Creating the dataset...
2018-03-09 05:16:36,371:INFO: - done.
2018-03-09 05:16:36,529:INFO: Starting evaluation
2018-03-09 05:17:10,445:INFO: Creating the dataset...
2018-03-09 05:17:10,459:INFO: - done.
2018-03-09 05:17:10,619:INFO: Starting evaluation
2018-03-09 05:17:17,694:INFO: - Eval metrics : accuracy: 0.625 ; loss: 1.092
2018-03-09 05:18:06,103:INFO: Creating the dataset...
2018-03-09 05:18:06,117:INFO: - done.
2018-03-09 05:18:06,276:INFO: Starting evaluation
2018-03-09 05:18:13,310:INFO: - Eval metrics : accuracy: 0.625 ; loss: 1.092
2018-03-09 05:25:12,035:INFO: Creating the dataset...
2018-03-09 05:25:12,048:INFO: - done.
2018-03-09 05:25:12,206:INFO: Starting evaluation
2018-03-09 05:25:19,249:INFO: - Eval metrics : accuracy: 0.625 ; loss: 1.092
2018-03-09 05:25:53,962:INFO: Creating the dataset...
2018-03-09 05:25:53,975:INFO: - done.
2018-03-09 05:25:54,134:INFO: Starting evaluation
2018-03-09 05:26:56,429:INFO: Creating the dataset...
2018-03-09 05:26:56,442:INFO: - done.
2018-03-09 05:26:56,600:INFO: Starting evaluation
2018-03-09 05:27:54,253:INFO: Creating the dataset...
2018-03-09 05:27:54,267:INFO: - done.
2018-03-09 05:27:54,426:INFO: Starting evaluation
2018-03-09 05:28:01,477:INFO: - Eval metrics : accuracy: 0.625 ; loss: 1.092
2018-03-09 05:29:54,085:INFO: Creating the dataset...
2018-03-09 05:29:54,098:INFO: - done.
2018-03-09 05:29:54,257:INFO: Starting evaluation
2018-03-09 05:30:56,798:INFO: Creating the dataset...
2018-03-09 05:30:56,811:INFO: - done.
2018-03-09 05:30:56,970:INFO: Starting evaluation
2018-03-09 05:31:04,008:INFO: - Eval metrics : accuracy: 0.625 ; loss: 1.092
2018-03-09 05:39:15,601:INFO: Creating the dataset...
2018-03-09 05:39:15,614:INFO: - done.
2018-03-09 05:39:15,772:INFO: Starting evaluation
2018-03-09 05:39:45,520:INFO: Creating the dataset...
2018-03-09 05:39:45,533:INFO: - done.
2018-03-09 05:39:45,691:INFO: Starting evaluation
2018-03-09 05:39:52,712:INFO: - Eval metrics : accuracy: 0.625 ; loss: 1.092
2018-03-09 05:40:02,673:INFO: Creating the dataset...
2018-03-09 05:40:02,686:INFO: - done.
2018-03-09 05:40:02,844:INFO: Starting evaluation
2018-03-09 05:40:09,890:INFO: - Eval metrics : accuracy: 0.625 ; loss: 1.092
2018-03-09 05:40:27,826:INFO: Creating the dataset...
2018-03-09 05:40:27,839:INFO: - done.
2018-03-09 05:40:27,998:INFO: Starting evaluation
2018-03-09 05:40:34,914:INFO: - Eval metrics : accuracy: 0.625 ; loss: 1.092
2018-03-09 05:41:51,284:INFO: Creating the dataset...
2018-03-09 05:41:51,297:INFO: - done.
2018-03-09 05:41:51,455:INFO: Starting evaluation
2018-03-09 05:41:58,444:INFO: - Eval metrics : accuracy: 0.625 ; loss: 1.092
2018-03-09 05:44:50,283:INFO: Creating the dataset...
2018-03-09 05:44:50,297:INFO: - done.
2018-03-09 05:44:50,456:INFO: Starting evaluation
2018-03-09 05:45:22,610:INFO: Creating the dataset...
2018-03-09 05:45:22,623:INFO: - done.
2018-03-09 05:45:22,781:INFO: Starting evaluation
2018-03-09 05:47:58,464:INFO: Creating the dataset...
2018-03-09 05:47:58,478:INFO: - done.
2018-03-09 05:47:58,636:INFO: Starting evaluation
2018-03-09 05:48:05,605:INFO: - Eval metrics : accuracy: 0.625 ; loss: 1.092
2018-03-09 05:51:01,910:INFO: Creating the dataset...
2018-03-09 05:51:01,923:INFO: - done.
2018-03-09 05:51:02,081:INFO: Starting evaluation
2018-03-09 05:51:09,059:INFO: - Eval metrics : accuracy: 0.625 ; loss: 1.092
2018-03-09 05:53:12,070:INFO: Creating the dataset...
2018-03-09 05:53:12,085:INFO: - done.
2018-03-09 05:53:12,243:INFO: Starting evaluation
2018-03-09 05:53:19,266:INFO: - Eval metrics : accuracy: 0.625 ; loss: 1.092
2018-03-09 05:54:18,517:INFO: Creating the dataset...
2018-03-09 05:54:18,531:INFO: - done.
2018-03-09 05:54:18,688:INFO: Starting evaluation
2018-03-09 05:54:25,651:INFO: - Eval metrics : accuracy: 0.625 ; loss: 1.092
2018-03-09 06:01:57,102:INFO: Creating the dataset...
2018-03-09 06:01:57,116:INFO: - done.
2018-03-09 06:01:57,274:INFO: Starting evaluation
2018-03-09 06:02:04,227:INFO: - Eval metrics : accuracy: 0.625 ; loss: 1.092
2018-03-09 06:03:51,490:INFO: Creating the dataset...
2018-03-09 06:03:51,503:INFO: - done.
2018-03-09 06:03:51,661:INFO: Starting evaluation
2018-03-09 06:03:58,641:INFO: - Eval metrics : accuracy: 0.625 ; loss: 1.092
2018-03-09 06:45:33,508:INFO: Creating the dataset...
2018-03-09 06:45:33,538:INFO: - done.
2018-03-09 06:45:37,666:INFO: Starting evaluation
2018-03-09 06:45:47,902:INFO: - Eval metrics : accuracy: 0.625 ; loss: 1.092
2018-03-09 06:54:51,470:INFO: Creating the dataset...
2018-03-09 06:54:51,483:INFO: - done.
2018-03-09 06:54:54,162:INFO: Starting evaluation
2018-03-09 06:55:01,412:INFO: - Eval metrics : accuracy: 0.625 ; loss: 1.092
2018-03-09 07:03:18,823:INFO: Creating the dataset...
2018-03-09 07:03:18,835:INFO: - done.
2018-03-09 07:03:21,484:INFO: Starting evaluation
2018-03-09 07:03:28,804:INFO: - Eval metrics : accuracy: 0.625 ; loss: 1.092
2018-03-09 07:09:38,522:INFO: Creating the dataset...
2018-03-09 07:09:38,534:INFO: - done.
2018-03-09 07:09:41,209:INFO: Starting evaluation
2018-03-09 07:09:48,495:INFO: - Eval metrics : accuracy: 0.625 ; loss: 1.092
2018-03-09 07:11:51,173:INFO: Creating the dataset...
2018-03-09 07:11:51,185:INFO: - done.
2018-03-09 07:11:53,893:INFO: Starting evaluation
2018-03-09 07:12:01,193:INFO: - Eval metrics : accuracy: 0.625 ; loss: 1.092
2018-03-09 07:25:13,369:INFO: Creating the dataset...
2018-03-09 07:25:13,382:INFO: - done.
2018-03-09 07:25:16,016:INFO: Starting evaluation
2018-03-09 07:25:23,328:INFO: - Eval metrics : accuracy: 0.625 ; loss: 1.092
2018-03-09 07:25:56,279:INFO: Creating the dataset...
2018-03-09 07:25:56,292:INFO: - done.
2018-03-09 07:25:56,450:INFO: Starting evaluation
2018-03-09 07:26:03,061:INFO: - Eval metrics : accuracy: 0.625 ; loss: 1.092
2018-03-09 07:26:33,601:INFO: Creating the dataset...
2018-03-09 07:26:33,614:INFO: - done.
2018-03-09 07:26:33,772:INFO: Starting evaluation
2018-03-09 07:26:40,438:INFO: - Eval metrics : accuracy: 0.625 ; loss: 1.092
2018-03-09 07:39:51,750:INFO: Creating the dataset...
2018-03-09 07:39:51,763:INFO: - done.
2018-03-09 07:39:51,922:INFO: Starting evaluation
2018-03-09 07:39:58,629:INFO: - Eval metrics : accuracy: 0.625 ; loss: 1.092
2018-03-08 20:54:09,769:INFO: Creating the dataset...
2018-03-09 09:01:14,401:INFO: Creating the dataset...
2018-03-09 09:01:14,438:INFO: - done.
2018-03-09 09:01:18,423:INFO: Starting evaluation
2018-03-09 09:01:28,804:INFO: - Eval metrics : accuracy: 0.625 ; loss: 1.092
2018-03-09 09:03:10,660:INFO: Creating the dataset...
2018-03-09 09:03:10,674:INFO: - done.
2018-03-09 09:03:10,824:INFO: Starting evaluation
2018-03-09 09:03:17,432:INFO: - Eval metrics : accuracy: 0.625 ; loss: 1.092
2018-03-09 09:03:45,592:INFO: Creating the dataset...
2018-03-09 09:03:45,606:INFO: - done.
2018-03-09 09:03:45,757:INFO: Starting evaluation
2018-03-09 09:03:52,393:INFO: - Eval metrics : accuracy: 0.625 ; loss: 1.092
2018-03-09 09:04:57,195:INFO: Creating the dataset...
2018-03-09 09:04:57,209:INFO: - done.
2018-03-09 09:04:57,360:INFO: Starting evaluation
2018-03-09 09:05:03,992:INFO: - Eval metrics : accuracy: 0.625 ; loss: 1.092
2018-03-09 09:06:31,625:INFO: Creating the dataset...
2018-03-09 09:06:31,638:INFO: - done.
2018-03-09 09:06:31,789:INFO: Starting evaluation
2018-03-09 09:06:38,437:INFO: - Eval metrics : accuracy: 0.625 ; loss: 1.092
2018-03-09 09:08:11,984:INFO: Creating the dataset...
2018-03-09 09:08:11,997:INFO: - done.
2018-03-09 09:08:14,414:INFO: Starting evaluation
2018-03-09 09:08:21,693:INFO: - Eval metrics : accuracy: 0.625 ; loss: 1.092
2018-03-09 09:09:49,385:INFO: Creating the dataset...
2018-03-09 09:09:49,398:INFO: - done.
2018-03-09 09:09:49,549:INFO: Starting evaluation
2018-03-09 09:09:56,197:INFO: - Eval metrics : accuracy: 0.625 ; loss: 1.092
2018-03-09 09:11:38,225:INFO: Creating the dataset...
2018-03-09 09:11:38,238:INFO: - done.
2018-03-09 09:11:38,389:INFO: Starting evaluation
2018-03-09 09:11:45,039:INFO: - Eval metrics : accuracy: 0.625 ; loss: 1.092
2018-03-09 09:12:47,071:INFO: Creating the dataset...
2018-03-09 09:12:47,085:INFO: - done.
2018-03-09 09:12:47,236:INFO: Starting evaluation
2018-03-09 09:12:53,853:INFO: - Eval metrics : accuracy: 0.625 ; loss: 1.092
2018-03-09 09:13:23,029:INFO: Creating the dataset...
2018-03-09 09:13:23,043:INFO: - done.
2018-03-09 09:13:23,193:INFO: Starting evaluation
2018-03-09 09:13:29,845:INFO: - Eval metrics : accuracy: 0.625 ; loss: 1.092
2018-03-09 09:18:01,016:INFO: Creating the dataset...
2018-03-09 09:18:01,030:INFO: - done.
2018-03-09 09:18:03,442:INFO: Starting evaluation
2018-03-09 09:18:10,714:INFO: - Eval metrics : accuracy: 0.625 ; loss: 1.092
2018-03-09 09:20:34,075:INFO: Creating the dataset...
2018-03-09 09:20:34,089:INFO: - done.
2018-03-09 09:20:34,241:INFO: Starting evaluation
2018-03-09 09:20:40,832:INFO: - Eval metrics : accuracy: 0.625 ; loss: 1.092
2018-03-09 09:21:11,876:INFO: Creating the dataset...
2018-03-09 09:21:11,889:INFO: - done.
2018-03-09 09:21:14,308:INFO: Starting evaluation
2018-03-09 09:21:21,530:INFO: - Eval metrics : accuracy: 0.625 ; loss: 1.092
2018-03-09 09:21:51,578:INFO: Creating the dataset...
2018-03-09 09:21:51,592:INFO: - done.
2018-03-09 09:21:51,743:INFO: Starting evaluation
2018-03-09 09:21:58,389:INFO: - Eval metrics : accuracy: 0.625 ; loss: 1.092
2018-03-09 09:22:17,451:INFO: Creating the dataset...
2018-03-09 09:22:17,464:INFO: - done.
2018-03-09 09:22:17,615:INFO: Starting evaluation
2018-03-09 09:22:24,236:INFO: - Eval metrics : accuracy: 0.625 ; loss: 1.092
2018-03-09 09:23:26,644:INFO: Creating the dataset...
2018-03-09 09:23:26,657:INFO: - done.
2018-03-09 09:23:29,071:INFO: Starting evaluation
2018-03-09 09:23:36,359:INFO: - Eval metrics : accuracy: 0.625 ; loss: 1.092
2018-03-09 09:28:07,960:INFO: Creating the dataset...
2018-03-09 09:28:07,973:INFO: - done.
2018-03-09 09:28:10,368:INFO: Starting evaluation
2018-03-09 09:28:17,640:INFO: - Eval metrics : accuracy: 0.625 ; loss: 1.092
2018-03-09 09:28:58,406:INFO: Creating the dataset...
2018-03-09 09:28:58,419:INFO: - done.
2018-03-09 09:28:58,569:INFO: Starting evaluation
2018-03-09 09:29:05,225:INFO: - Eval metrics : accuracy: 0.625 ; loss: 1.092
2018-03-09 09:29:40,909:INFO: Creating the dataset...
2018-03-09 09:29:40,922:INFO: - done.
2018-03-09 09:29:41,072:INFO: Starting evaluation
2018-03-09 09:29:47,713:INFO: - Eval metrics : accuracy: 0.625 ; loss: 1.092
2018-03-09 09:32:28,001:INFO: Creating the dataset...
2018-03-09 09:32:28,015:INFO: - done.
2018-03-09 09:32:28,166:INFO: Starting evaluation
2018-03-09 09:32:34,777:INFO: - Eval metrics : accuracy: 0.625 ; loss: 1.092
2018-03-09 09:34:29,321:INFO: Creating the dataset...
2018-03-09 09:34:29,334:INFO: - done.
2018-03-09 09:34:29,485:INFO: Starting evaluation
2018-03-09 09:34:36,132:INFO: - Eval metrics : accuracy: 0.625 ; loss: 1.092
2018-03-09 09:34:36,145:INFO: calling plot_matrix
2018-03-09 09:34:36,261:INFO: done with plot
2018-03-09 09:47:30,232:INFO: Creating the dataset...
2018-03-09 09:47:30,246:INFO: - done.
2018-03-09 09:47:30,396:INFO: Starting evaluation
2018-03-09 09:47:37,070:INFO: - Eval metrics : accuracy: 0.625 ; loss: 1.092
2018-03-09 09:47:37,073:INFO: calling plot_matrix
2018-03-09 09:47:37,189:INFO: done with plot
2018-03-09 09:48:27,832:INFO: Creating the dataset...
2018-03-09 09:48:27,846:INFO: - done.
2018-03-09 09:48:30,274:INFO: Starting evaluation
2018-03-09 09:48:37,617:INFO: - Eval metrics : accuracy: 0.625 ; loss: 1.092
2018-03-09 09:48:37,619:INFO: calling plot_matrix
2018-03-09 09:48:37,748:INFO: done with plot
2018-03-09 09:55:21,409:INFO: Creating the dataset...
2018-03-09 09:55:21,422:INFO: - done.
2018-03-09 09:55:21,572:INFO: Starting evaluation
2018-03-09 09:55:28,234:INFO: - Eval metrics : accuracy: 0.625 ; loss: 1.092
2018-03-09 21:42:55,397:INFO: Creating the dataset...
2018-03-09 21:42:55,430:INFO: - done.
2018-03-09 21:42:59,726:INFO: Starting evaluation
2018-03-09 21:43:09,719:INFO: - Eval metrics : accuracy: 0.625 ; loss: 1.092
2018-03-09 21:44:43,136:INFO: Creating the dataset...
2018-03-09 21:44:43,150:INFO: - done.
2018-03-09 21:44:45,495:INFO: Starting evaluation
2018-03-09 21:44:52,698:INFO: - Eval metrics : accuracy: 0.625 ; loss: 1.092
2018-03-09 21:45:59,572:INFO: Creating the dataset...
2018-03-09 21:45:59,585:INFO: - done.
2018-03-09 21:45:59,736:INFO: Starting evaluation
2018-03-09 21:46:06,306:INFO: - Eval metrics : accuracy: 0.625 ; loss: 1.092
2018-03-09 21:49:26,672:INFO: Creating the dataset...
2018-03-09 21:49:26,686:INFO: - done.
2018-03-09 21:49:26,837:INFO: Starting evaluation
2018-03-09 21:49:33,422:INFO: - Eval metrics : accuracy: 0.625 ; loss: 1.092
2018-03-09 21:50:40,144:INFO: Creating the dataset...
2018-03-09 21:50:40,158:INFO: - done.
2018-03-09 21:50:40,308:INFO: Starting evaluation
2018-03-09 21:50:46,946:INFO: - Eval metrics : accuracy: 0.625 ; loss: 1.092
2018-03-09 21:52:20,624:INFO: Creating the dataset...
2018-03-09 21:52:20,637:INFO: - done.
2018-03-09 21:52:23,022:INFO: Starting evaluation
2018-03-09 21:52:30,330:INFO: - Eval metrics : accuracy: 0.625 ; loss: 1.092
2018-03-09 21:53:04,582:INFO: Creating the dataset...
2018-03-09 21:53:04,597:INFO: - done.
2018-03-09 21:53:04,748:INFO: Starting evaluation
2018-03-09 21:53:11,403:INFO: - Eval metrics : accuracy: 0.625 ; loss: 1.092
2018-03-09 21:53:42,836:INFO: Creating the dataset...
2018-03-09 21:53:42,849:INFO: - done.
2018-03-09 21:53:45,235:INFO: Starting evaluation
2018-03-09 21:53:52,420:INFO: - Eval metrics : accuracy: 0.625 ; loss: 1.092
2018-03-09 21:54:32,328:INFO: Creating the dataset...
2018-03-09 21:54:32,341:INFO: - done.
2018-03-09 21:54:34,723:INFO: Starting evaluation
2018-03-09 21:54:42,038:INFO: - Eval metrics : accuracy: 0.625 ; loss: 1.092
2018-03-09 21:55:09,072:INFO: Creating the dataset...
2018-03-09 21:55:09,085:INFO: - done.
2018-03-09 21:55:11,457:INFO: Starting evaluation
2018-03-09 21:55:18,733:INFO: - Eval metrics : accuracy: 0.625 ; loss: 1.092
2018-03-09 21:58:20,600:INFO: Creating the dataset...
2018-03-09 21:58:20,613:INFO: - done.
2018-03-09 21:58:22,971:INFO: Starting evaluation
2018-03-09 21:58:30,276:INFO: - Eval metrics : accuracy: 0.625 ; loss: 1.092
2018-03-09 21:59:32,224:INFO: Creating the dataset...
2018-03-09 21:59:32,237:INFO: - done.
2018-03-09 21:59:34,638:INFO: Starting evaluation
2018-03-09 21:59:41,890:INFO: - Eval metrics : accuracy: 0.625 ; loss: 1.092
2018-03-09 22:00:47,113:INFO: Loading the datasets...
2018-03-09 22:00:47,766:INFO: - done.
2018-03-09 22:00:47,917:INFO: Starting training for 20 epoch(s)
2018-03-09 22:00:47,917:INFO: Restoring parameters from experiments/base_model/best.pth.tar
2018-03-09 22:00:48,059:INFO: Epoch 1/20
2018-03-09 22:08:00,890:INFO: - Train metrics: accuracy: 0.691 ; loss: 0.874
2018-03-09 22:08:07,096:INFO: - Eval metrics : accuracy: 0.572 ; loss: 1.289
2018-03-09 22:08:11,017:INFO: - Found new best accuracy
2018-03-09 22:08:11,018:INFO: Epoch 2/20
2018-03-09 22:15:25,424:INFO: - Train metrics: accuracy: 0.703 ; loss: 0.851
2018-03-09 22:15:31,589:INFO: - Eval metrics : accuracy: 0.457 ; loss: 2.482
2018-03-09 22:15:33,199:INFO: Epoch 3/20
2018-03-09 22:22:47,304:INFO: - Train metrics: accuracy: 0.736 ; loss: 0.706
2018-03-09 22:22:53,507:INFO: - Eval metrics : accuracy: 0.624 ; loss: 1.287
2018-03-09 22:22:57,327:INFO: - Found new best accuracy
2018-03-09 22:22:57,329:INFO: Epoch 4/20
2018-03-09 22:30:11,344:INFO: - Train metrics: accuracy: 0.764 ; loss: 0.641
2018-03-09 22:30:17,537:INFO: - Eval metrics : accuracy: 0.617 ; loss: 1.490
2018-03-09 22:30:19,158:INFO: Epoch 5/20
2018-03-09 22:37:33,112:INFO: - Train metrics: accuracy: 0.816 ; loss: 0.554
2018-03-09 22:37:39,277:INFO: - Eval metrics : accuracy: 0.365 ; loss: 5.269
2018-03-09 22:37:40,900:INFO: Epoch 6/20
2018-03-09 22:44:54,939:INFO: - Train metrics: accuracy: 0.821 ; loss: 0.497
2018-03-09 22:45:01,130:INFO: - Eval metrics : accuracy: 0.692 ; loss: 0.924
2018-03-09 22:45:04,938:INFO: - Found new best accuracy
2018-03-09 22:45:04,940:INFO: Epoch 7/20
2018-03-09 22:52:18,721:INFO: - Train metrics: accuracy: 0.850 ; loss: 0.441
2018-03-09 22:52:24,894:INFO: - Eval metrics : accuracy: 0.635 ; loss: 1.539
2018-03-09 22:52:26,526:INFO: Epoch 8/20
2018-03-09 22:59:40,353:INFO: - Train metrics: accuracy: 0.871 ; loss: 0.354
2018-03-09 22:59:46,672:INFO: - Eval metrics : accuracy: 0.557 ; loss: 2.854
2018-03-09 22:59:48,352:INFO: Epoch 9/20
2018-03-09 23:07:02,153:INFO: - Train metrics: accuracy: 0.786 ; loss: 0.591
2018-03-09 23:07:08,340:INFO: - Eval metrics : accuracy: 0.503 ; loss: 2.551
2018-03-09 23:07:10,139:INFO: Epoch 10/20
2018-03-09 23:14:23,916:INFO: - Train metrics: accuracy: 0.786 ; loss: 0.596
2018-03-09 23:14:30,119:INFO: - Eval metrics : accuracy: 0.700 ; loss: 0.953
2018-03-09 23:14:33,929:INFO: - Found new best accuracy
2018-03-09 23:14:33,931:INFO: Epoch 11/20
2018-03-09 23:21:47,729:INFO: - Train metrics: accuracy: 0.754 ; loss: 0.678
2018-03-09 23:21:53,928:INFO: - Eval metrics : accuracy: 0.645 ; loss: 1.154
2018-03-09 23:21:55,548:INFO: Epoch 12/20
2018-03-09 23:29:09,452:INFO: - Train metrics: accuracy: 0.819 ; loss: 0.510
2018-03-09 23:29:15,670:INFO: - Eval metrics : accuracy: 0.694 ; loss: 0.931
2018-03-09 23:29:17,285:INFO: Epoch 13/20
2018-03-09 23:36:31,200:INFO: - Train metrics: accuracy: 0.820 ; loss: 0.538
2018-03-09 23:36:37,401:INFO: - Eval metrics : accuracy: 0.590 ; loss: 2.591
2018-03-09 23:36:39,019:INFO: Epoch 14/20
2018-03-09 23:43:52,825:INFO: - Train metrics: accuracy: 0.844 ; loss: 0.467
2018-03-09 23:43:59,021:INFO: - Eval metrics : accuracy: 0.711 ; loss: 0.869
2018-03-09 23:44:02,830:INFO: - Found new best accuracy
2018-03-09 23:44:02,837:INFO: Epoch 15/20
2018-03-09 23:51:16,672:INFO: - Train metrics: accuracy: 0.835 ; loss: 0.479
2018-03-09 23:51:22,854:INFO: - Eval metrics : accuracy: 0.731 ; loss: 0.842
2018-03-09 23:51:26,694:INFO: - Found new best accuracy
2018-03-09 23:51:26,700:INFO: Epoch 16/20
2018-03-09 23:58:40,641:INFO: - Train metrics: accuracy: 0.854 ; loss: 0.427
2018-03-09 23:58:46,825:INFO: - Eval metrics : accuracy: 0.726 ; loss: 0.953
2018-03-09 23:58:48,444:INFO: Epoch 17/20
2018-03-10 00:06:02,160:INFO: - Train metrics: accuracy: 0.846 ; loss: 0.440
2018-03-10 00:06:08,339:INFO: - Eval metrics : accuracy: 0.552 ; loss: 2.356
2018-03-10 00:06:09,964:INFO: Epoch 18/20
2018-03-10 00:13:23,639:INFO: - Train metrics: accuracy: 0.854 ; loss: 0.415
2018-03-10 00:13:29,819:INFO: - Eval metrics : accuracy: 0.737 ; loss: 0.982
2018-03-10 00:13:33,628:INFO: - Found new best accuracy
2018-03-10 00:13:33,629:INFO: Epoch 19/20
2018-03-10 00:20:47,455:INFO: - Train metrics: accuracy: 0.838 ; loss: 0.448
2018-03-10 00:20:53,781:INFO: - Eval metrics : accuracy: 0.708 ; loss: 1.035
2018-03-10 00:20:55,469:INFO: Epoch 20/20
2018-03-10 00:28:09,099:INFO: - Train metrics: accuracy: 0.868 ; loss: 0.431
2018-03-10 00:28:15,294:INFO: - Eval metrics : accuracy: 0.739 ; loss: 0.899
2018-03-10 00:28:19,101:INFO: - Found new best accuracy
2018-03-10 00:28:48,164:INFO: Creating the dataset...
2018-03-10 00:28:48,177:INFO: - done.
2018-03-10 00:28:48,328:INFO: Starting evaluation
2018-03-10 00:28:55,009:INFO: - Eval metrics : accuracy: 0.747 ; loss: 0.924
2018-03-16 21:05:44,508:INFO: Creating the dataset...
2018-03-16 21:05:44,521:INFO: - done.
2018-03-16 21:05:46,951:INFO: Starting evaluation
2018-03-16 21:26:43,602:INFO: Creating the dataset...
2018-03-16 21:26:43,616:INFO: - done.
2018-03-16 21:26:43,819:INFO: Starting evaluation
2018-03-16 21:26:57,852:INFO: - Eval metrics : accuracy: 0.869 ; loss: 0.509
2018-03-16 21:28:53,473:INFO: Creating the dataset...
2018-03-16 21:28:53,486:INFO: - done.
2018-03-16 21:28:53,688:INFO: Starting evaluation
2018-03-16 21:29:07,046:INFO: - Eval metrics : accuracy: 0.873 ; loss: 0.661
2018-03-16 21:31:40,826:INFO: Creating the dataset...
2018-03-16 21:31:40,839:INFO: - done.
2018-03-16 21:31:41,035:INFO: Starting evaluation
2018-03-16 21:31:54,227:INFO: - Eval metrics : accuracy: 0.862 ; loss: 0.448
2018-03-16 21:37:39,471:INFO: Creating the dataset...
2018-03-16 21:37:39,472:INFO: - done.
2018-03-16 21:37:39,672:INFO: Starting classification
2018-03-16 21:38:13,005:INFO: Creating the dataset...
2018-03-16 21:38:13,007:INFO: - done.
2018-03-16 21:38:13,202:INFO: Starting classification
2018-03-16 21:39:53,102:INFO: Creating the dataset...
2018-03-16 21:39:53,104:INFO: - done.
2018-03-16 21:39:53,299:INFO: Starting classification
2018-03-16 21:40:58,852:INFO: Creating the dataset...
2018-03-16 21:40:58,853:INFO: - done.
2018-03-16 21:40:59,049:INFO: Starting classification
2018-03-16 21:41:42,235:INFO: Creating the dataset...
2018-03-16 21:41:42,237:INFO: - done.
2018-03-16 21:41:42,431:INFO: Starting classification
