2018-03-08 22:55:45,450:INFO: Loading the datasets...
2018-03-08 22:55:45,684:INFO: - done.
2018-03-08 22:55:48,395:INFO: Starting training for 10 epoch(s)
2018-03-08 22:55:48,395:INFO: Epoch 1/10
2018-03-08 23:03:18,714:INFO: - Train metrics: accuracy: 0.388 ; loss: 1.693
2018-03-08 23:03:25,255:INFO: - Eval metrics : accuracy: 0.404 ; loss: 1.630
2018-03-08 23:03:25,733:INFO: - Found new best accuracy
2018-03-08 23:03:25,733:INFO: Epoch 2/10
2018-03-08 23:10:58,205:INFO: - Train metrics: accuracy: 0.475 ; loss: 1.545
2018-03-08 23:11:04,777:INFO: - Eval metrics : accuracy: 0.279 ; loss: 2.417
2018-03-08 23:11:06,215:INFO: Epoch 3/10
2018-03-08 23:18:38,441:INFO: - Train metrics: accuracy: 0.495 ; loss: 1.392
2018-03-08 23:18:45,006:INFO: - Eval metrics : accuracy: 0.444 ; loss: 1.598
2018-03-08 23:18:48,644:INFO: - Found new best accuracy
2018-03-08 23:18:48,707:INFO: Epoch 4/10
2018-03-08 23:26:21,016:INFO: - Train metrics: accuracy: 0.560 ; loss: 1.277
2018-03-08 23:26:27,567:INFO: - Eval metrics : accuracy: 0.439 ; loss: 1.531
2018-03-08 23:26:29,010:INFO: Epoch 5/10
2018-03-08 23:34:00,917:INFO: - Train metrics: accuracy: 0.575 ; loss: 1.210
2018-03-08 23:34:07,465:INFO: - Eval metrics : accuracy: 0.397 ; loss: 2.144
2018-03-08 23:34:08,902:INFO: Epoch 6/10
2018-03-08 23:41:41,092:INFO: - Train metrics: accuracy: 0.615 ; loss: 1.133
2018-03-08 23:41:47,658:INFO: - Eval metrics : accuracy: 0.609 ; loss: 1.130
2018-03-08 23:41:51,321:INFO: - Found new best accuracy
2018-03-08 23:41:51,327:INFO: Epoch 7/10
2018-03-08 23:49:22,374:INFO: - Train metrics: accuracy: 0.611 ; loss: 1.070
2018-03-08 23:49:28,888:INFO: - Eval metrics : accuracy: 0.605 ; loss: 1.128
2018-03-08 23:49:30,341:INFO: Epoch 8/10
2018-03-08 23:57:01,773:INFO: - Train metrics: accuracy: 0.681 ; loss: 0.916
2018-03-08 23:57:08,347:INFO: - Eval metrics : accuracy: 0.637 ; loss: 1.064
2018-03-08 23:57:11,987:INFO: - Found new best accuracy
2018-03-08 23:57:11,987:INFO: Epoch 9/10
2018-03-09 00:04:42,195:INFO: - Train metrics: accuracy: 0.700 ; loss: 0.883
2018-03-09 00:04:48,754:INFO: - Eval metrics : accuracy: 0.522 ; loss: 1.547
2018-03-09 00:04:50,201:INFO: Epoch 10/10
2018-03-09 00:12:21,149:INFO: - Train metrics: accuracy: 0.710 ; loss: 0.815
2018-03-09 00:12:27,713:INFO: - Eval metrics : accuracy: 0.576 ; loss: 1.385
