2018-03-14 08:40:04,934:INFO: Creating the dataset...
2018-03-14 08:40:04,936:INFO: - done.
2018-03-14 08:40:07,391:INFO: Starting classification
2018-03-14 08:43:44,155:INFO: Creating the dataset...
2018-03-14 08:43:44,158:INFO: - done.
2018-03-14 08:43:44,362:INFO: Starting classification
2018-03-14 08:44:56,518:INFO: Creating the dataset...
2018-03-14 08:44:56,519:INFO: - done.
2018-03-14 08:44:56,721:INFO: Starting classification
2018-03-14 08:45:29,011:INFO: Creating the dataset...
2018-03-14 08:45:29,046:INFO: - done.
2018-03-14 08:45:29,247:INFO: Starting evaluation
2018-03-14 08:45:41,004:INFO: - Eval metrics : accuracy: 0.892 ; loss: 0.546
2018-03-14 08:46:22,089:INFO: Creating the dataset...
2018-03-14 08:46:22,102:INFO: - done.
2018-03-14 08:46:22,298:INFO: Starting evaluation
2018-03-14 08:46:34,045:INFO: - Eval metrics : accuracy: 0.898 ; loss: 0.394
2018-03-14 08:47:31,500:INFO: Creating the dataset...
2018-03-14 08:47:31,501:INFO: - done.
2018-03-14 08:47:31,697:INFO: Starting classification
2018-03-14 08:47:55,819:INFO: Creating the dataset...
2018-03-14 08:47:55,821:INFO: - done.
2018-03-14 08:47:56,022:INFO: Starting classification
2018-03-14 08:49:03,014:INFO: Creating the dataset...
2018-03-14 08:49:03,015:INFO: - done.
2018-03-14 08:49:03,211:INFO: Starting classification
2018-03-14 08:49:23,745:INFO: Creating the dataset...
2018-03-14 08:49:23,747:INFO: - done.
2018-03-14 08:49:23,942:INFO: Starting classification
2018-03-14 08:51:18,590:INFO: Creating the dataset...
2018-03-14 08:51:18,592:INFO: - done.
2018-03-14 08:51:21,050:INFO: Starting classification
2018-03-14 08:51:51,525:INFO: Creating the dataset...
2018-03-14 08:51:51,526:INFO: - done.
2018-03-14 08:51:51,727:INFO: Starting classification
2018-03-14 08:53:04,487:INFO: Creating the dataset...
2018-03-14 08:53:04,489:INFO: - done.
2018-03-14 08:53:06,931:INFO: Starting classification
2018-03-14 08:53:25,382:INFO: Creating the dataset...
2018-03-14 08:53:25,384:INFO: - done.
2018-03-14 08:53:25,584:INFO: Starting classification
2018-03-14 08:53:43,605:INFO: Creating the dataset...
2018-03-14 08:53:43,607:INFO: - done.
2018-03-14 08:53:43,802:INFO: Starting classification
2018-03-14 08:54:12,121:INFO: Creating the dataset...
2018-03-14 08:54:12,123:INFO: - done.
2018-03-14 08:54:12,323:INFO: Starting classification
2018-03-14 08:54:27,365:INFO: Creating the dataset...
2018-03-14 08:54:27,367:INFO: - done.
2018-03-14 08:54:27,562:INFO: Starting classification
2018-03-14 08:57:59,789:INFO: Creating the dataset...
2018-03-14 08:57:59,791:INFO: - done.
2018-03-14 08:57:59,988:INFO: Starting classification
2018-03-14 09:15:00,463:INFO: Creating the dataset...
2018-03-14 09:15:00,464:INFO: - done.
2018-03-14 09:15:00,659:INFO: Starting classification
2018-03-14 09:15:38,107:INFO: Creating the dataset...
2018-03-14 09:15:38,109:INFO: - done.
2018-03-14 09:15:38,303:INFO: Starting classification
2018-03-14 09:16:28,439:INFO: Creating the dataset...
2018-03-14 09:16:28,440:INFO: - done.
2018-03-14 09:16:28,638:INFO: Starting classification
2018-03-14 09:20:41,360:INFO: Creating the dataset...
2018-03-14 09:20:41,362:INFO: - done.
2018-03-14 09:20:41,556:INFO: Starting classification
2018-03-14 09:22:03,829:INFO: Creating the dataset...
2018-03-14 09:22:03,830:INFO: - done.
2018-03-14 09:22:04,027:INFO: Starting classification
2018-03-14 09:23:16,630:INFO: Creating the dataset...
2018-03-14 09:23:16,632:INFO: - done.
2018-03-14 09:23:16,826:INFO: Starting classification
2018-03-14 09:24:28,382:INFO: Creating the dataset...
2018-03-14 09:24:28,383:INFO: - done.
2018-03-14 09:24:28,578:INFO: Starting classification
2018-03-14 09:26:36,103:INFO: Creating the dataset...
2018-03-14 09:26:36,106:INFO: - done.
2018-03-14 09:26:36,300:INFO: Starting classification
2018-03-14 09:27:15,762:INFO: Creating the dataset...
2018-03-14 09:27:15,765:INFO: - done.
2018-03-14 09:27:15,959:INFO: Starting classification
2018-03-14 09:27:36,267:INFO: Creating the dataset...
2018-03-14 09:27:36,269:INFO: - done.
2018-03-14 09:27:36,463:INFO: Starting classification
