2018-03-14 08:03:08,822:INFO: Creating the dataset...
2018-03-14 08:03:08,834:INFO: - done.
2018-03-14 08:03:11,278:INFO: Starting evaluation
2018-03-14 08:03:23,596:INFO: - Eval metrics : accuracy: 0.898 ; loss: 0.394
2018-03-14 08:16:59,999:INFO: Creating the dataset...
2018-03-14 08:17:00,039:INFO: - done.
2018-03-14 08:17:03,735:INFO: Starting evaluation
2018-03-14 08:17:18,148:INFO: - Eval metrics : accuracy: 0.898 ; loss: 0.394
2018-03-14 08:22:36,144:INFO: Creating the dataset...
2018-03-14 08:22:36,157:INFO: - done.
2018-03-14 08:22:38,594:INFO: Starting evaluation
2018-03-14 08:22:50,809:INFO: - Eval metrics : accuracy: 0.898 ; loss: 0.394
2018-03-14 08:23:08,620:INFO: Creating the dataset...
2018-03-14 08:23:08,622:INFO: - done.
2018-03-14 08:23:08,821:INFO: Starting classification
2018-03-14 08:23:52,663:INFO: Creating the dataset...
2018-03-14 08:23:52,665:INFO: - done.
2018-03-14 08:23:52,860:INFO: Starting classification
2018-03-14 08:27:40,545:INFO: Creating the dataset...
2018-03-14 08:27:40,547:INFO: - done.
2018-03-14 08:27:40,745:INFO: Starting classification
2018-03-14 08:28:30,851:INFO: Creating the dataset...
2018-03-14 08:28:30,852:INFO: - done.
2018-03-14 08:28:31,054:INFO: Starting classification
2018-03-14 08:32:49,135:INFO: Creating the dataset...
2018-03-14 08:32:49,137:INFO: - done.
2018-03-14 08:32:49,339:INFO: Starting classification
2018-03-14 08:34:56,990:INFO: Creating the dataset...
2018-03-14 08:34:56,991:INFO: - done.
2018-03-14 08:34:57,186:INFO: Starting classification
2018-03-14 09:29:05,902:INFO: Creating the dataset...
2018-03-14 09:29:05,915:INFO: - done.
2018-03-14 09:29:08,341:INFO: Starting evaluation
2018-03-14 09:29:21,066:INFO: - Eval metrics : accuracy: 0.898 ; loss: 0.394
2018-03-18 10:33:32,130:INFO: Creating the dataset...
2018-03-18 10:33:32,171:INFO: - done.
2018-03-18 10:33:34,914:INFO: Starting evaluation
2018-03-18 10:33:49,029:INFO: - Eval metrics : accuracy: 0.898 ; loss: 0.394
