2018-03-12 22:36:53,254:INFO: Loading the datasets...
2018-03-12 22:36:53,813:INFO: - done.
2018-03-12 22:36:56,237:INFO: Starting training for 15 epoch(s)
2018-03-12 22:36:56,237:INFO: Restoring parameters from experiments/fusion/last.pth.tar
2018-03-12 22:36:56,414:INFO: Epoch 1/15
2018-03-12 22:52:02,710:INFO: - Train metrics: accuracy: 0.956 ; loss: 0.126
2018-03-12 22:52:13,785:INFO: - Eval metrics : accuracy: 0.871 ; loss: 0.510
2018-03-12 22:52:16,185:INFO: - Found new best accuracy
2018-03-12 22:52:16,186:INFO: Epoch 2/15
2018-03-12 23:07:22,873:INFO: - Train metrics: accuracy: 0.955 ; loss: 0.130
2018-03-12 23:07:33,945:INFO: - Eval metrics : accuracy: 0.790 ; loss: 0.954
2018-03-12 23:07:36,101:INFO: Epoch 3/15
2018-03-12 23:22:43,191:INFO: - Train metrics: accuracy: 0.958 ; loss: 0.105
2018-03-12 23:22:54,262:INFO: - Eval metrics : accuracy: 0.794 ; loss: 0.921
2018-03-12 23:22:56,416:INFO: Epoch 4/15
2018-03-12 23:38:03,857:INFO: - Train metrics: accuracy: 0.976 ; loss: 0.071
2018-03-12 23:38:14,927:INFO: - Eval metrics : accuracy: 0.854 ; loss: 0.587
2018-03-12 23:38:17,081:INFO: Epoch 5/15
2018-03-12 23:53:24,676:INFO: - Train metrics: accuracy: 0.968 ; loss: 0.079
2018-03-12 23:53:35,764:INFO: - Eval metrics : accuracy: 0.842 ; loss: 0.732
2018-03-12 23:53:37,915:INFO: Epoch 6/15
2018-03-13 00:08:46,065:INFO: - Train metrics: accuracy: 0.974 ; loss: 0.081
2018-03-13 00:08:57,144:INFO: - Eval metrics : accuracy: 0.821 ; loss: 0.821
2018-03-13 00:08:59,294:INFO: Epoch 7/15
2018-03-13 00:24:07,132:INFO: - Train metrics: accuracy: 0.979 ; loss: 0.071
2018-03-13 00:24:18,220:INFO: - Eval metrics : accuracy: 0.833 ; loss: 0.804
2018-03-13 00:24:20,368:INFO: Epoch 8/15
2018-03-13 00:39:29,377:INFO: - Train metrics: accuracy: 0.974 ; loss: 0.068
2018-03-13 00:39:40,470:INFO: - Eval metrics : accuracy: 0.846 ; loss: 0.754
2018-03-13 00:39:42,624:INFO: Epoch 9/15
2018-03-13 00:54:49,664:INFO: - Train metrics: accuracy: 0.978 ; loss: 0.061
2018-03-13 00:55:00,727:INFO: - Eval metrics : accuracy: 0.818 ; loss: 0.843
2018-03-13 00:55:02,888:INFO: Epoch 10/15
2018-03-13 01:10:08,056:INFO: - Train metrics: accuracy: 0.976 ; loss: 0.079
2018-03-13 01:10:19,131:INFO: - Eval metrics : accuracy: 0.855 ; loss: 0.680
2018-03-13 01:10:21,281:INFO: Epoch 11/15
2018-03-13 01:25:28,108:INFO: - Train metrics: accuracy: 0.983 ; loss: 0.066
2018-03-13 01:25:39,170:INFO: - Eval metrics : accuracy: 0.854 ; loss: 0.710
2018-03-13 01:25:41,365:INFO: Epoch 12/15
2018-03-13 01:40:48,552:INFO: - Train metrics: accuracy: 0.991 ; loss: 0.033
2018-03-13 01:40:59,620:INFO: - Eval metrics : accuracy: 0.859 ; loss: 0.650
2018-03-13 01:41:01,771:INFO: Epoch 13/15
2018-03-13 01:56:08,782:INFO: - Train metrics: accuracy: 0.988 ; loss: 0.033
2018-03-13 01:56:19,865:INFO: - Eval metrics : accuracy: 0.809 ; loss: 0.894
2018-03-13 01:56:22,017:INFO: Epoch 14/15
2018-03-13 02:11:28,481:INFO: - Train metrics: accuracy: 0.988 ; loss: 0.047
2018-03-13 02:11:39,557:INFO: - Eval metrics : accuracy: 0.823 ; loss: 0.874
2018-03-13 02:11:41,719:INFO: Epoch 15/15
